Using pre-set license
Built from '2020.3/release' branch; Version is '2020.3.2f1 (8fd9074bf66c) revision 9427207'; Using compiler version '192528614'; Build Type 'Release'
OS: 'Windows 10 Pro; OS build 22000.493; Version 2009; 64bit' Language: 'ru' Physical Memory: 16317 MB
BatchMode: 1, IsHumanControllingUs: 0, StartBugReporterOnCrash: 0, Is64bit: 1, IsPro: 0

 COMMAND LINE ARGUMENTS:
B:\Program Files\2020.3.2f1\Editor\Unity.exe
-adb2
-batchMode
-noUpm
-name
AssetImportWorker0
-projectPath
E:/GitHub/TowerDefense/TowerDefense
-logFile
Logs/AssetImportWorker0.log
-srvPort
57917
Successfully changed project path to: E:/GitHub/TowerDefense/TowerDefense
E:/GitHub/TowerDefense/TowerDefense
Using Asset Import Pipeline V2.
Refreshing native plugins compatible for Editor in 18.30 ms, found 0 plugins.
Preloading 0 native plugins for Editor in 0.00 ms.
Initialize engine version: 2020.3.2f1 (8fd9074bf66c)
[Subsystems] Discovering subsystems at path B:/Program Files/2020.3.2f1/Editor/Data/Resources/UnitySubsystems
[Subsystems] Discovering subsystems at path E:/GitHub/TowerDefense/TowerDefense/Assets
GfxDevice: creating device client; threaded=0
Direct3D:
    Version:  Direct3D 11.0 [level 11.1]
    Renderer: NVIDIA GeForce RTX 2070 SUPER (ID=0x1e84)
    Vendor:   
    VRAM:     8011 MB
    Driver:   30.0.14.7212
Initialize mono
Mono path[0] = 'B:/Program Files/2020.3.2f1/Editor/Data/Managed'
Mono path[1] = 'B:/Program Files/2020.3.2f1/Editor/Data/MonoBleedingEdge/lib/mono/unityjit'
Mono config path = 'B:/Program Files/2020.3.2f1/Editor/Data/MonoBleedingEdge/etc'
Using monoOptions --debugger-agent=transport=dt_socket,embedding=1,server=y,suspend=n,address=127.0.0.1:56916
Begin MonoManager ReloadAssembly
Registering precompiled unity dll's ...
Register platform support module: B:/Program Files/2020.3.2f1/Editor/Data/PlaybackEngines/WindowsStandaloneSupport/UnityEditor.WindowsStandalone.Extensions.dll
Registered in 0.000709 seconds.
Native extension for WindowsStandalone target not found
Refreshing native plugins compatible for Editor in 19.27 ms, found 0 plugins.
Preloading 0 native plugins for Editor in 0.00 ms.
Invoked RoslynAnalysisRunner static constructor.
RoslynAnalysisRunner will not be running.
RoslynAnalysisRunner has terminated.
Mono: successfully reloaded assembly
- Completed reload, in  0.756 seconds
Platform modules already initialized, skipping
Registering precompiled user dll's ...
Registered in 0.000395 seconds.
Begin MonoManager ReloadAssembly
Native extension for WindowsStandalone target not found
Refreshing native plugins compatible for Editor in 0.21 ms, found 0 plugins.
Preloading 0 native plugins for Editor in 0.00 ms.
Invoked RoslynAnalysisRunner static constructor.
RoslynAnalysisRunner will not be running.
RoslynAnalysisRunner has terminated.
Mono: successfully reloaded assembly
- Completed reload, in  0.715 seconds
Platform modules already initialized, skipping
========================================================================
Worker process is ready to serve import requests
Launched and connected shader compiler UnityShaderCompiler.exe after 0.03 seconds
Refreshing native plugins compatible for Editor in 0.27 ms, found 0 plugins.
Preloading 0 native plugins for Editor in 0.00 ms.
Unloading 1117 Unused Serialized files (Serialized files now loaded: 0)
System memory in use before: 57.6 MB.
System memory in use after: 57.6 MB.

Unloading 10 unused Assets to reduce memory usage. Loaded Objects now: 1560.
Total: 1.424700 ms (FindLiveObjects: 0.111100 ms CreateObjectMapping: 0.032200 ms MarkObjects: 1.218100 ms  DeleteObjects: 0.062300 ms)

========================================================================
Received Import Request.
  path: Assets/Resources
  artifactKey: Guid(270dd59564421ff4f958c3f296ac151d) Importer(815301076,1909f56bfc062723c751e8b465ee728b)
Start importing Assets/Resources using Guid(270dd59564421ff4f958c3f296ac151d) Importer(815301076,1909f56bfc062723c751e8b465ee728b)  -> (artifact id: '0ae1904f677f736897cec684b694cd6a') in 0.007229 seconds
  Import took 0.023203 seconds .

========================================================================
Received Import Request.
  Time since last request: 3.478012 seconds.
  path: Assets/Resources/arrow.png
  artifactKey: Guid(4c236604b76f48d4288d2ef31acc160f) Importer(815301076,1909f56bfc062723c751e8b465ee728b)
Start importing Assets/Resources/arrow.png using Guid(4c236604b76f48d4288d2ef31acc160f) Importer(815301076,1909f56bfc062723c751e8b465ee728b)  -> (artifact id: '114a36a2693d36612bcdecf7946b0f96') in 0.096101 seconds
  Import took 0.116980 seconds .

========================================================================
Received Import Request.
  Time since last request: 3.525861 seconds.
  path: Assets/Resources/arrow.png
  artifactKey: Guid(4c236604b76f48d4288d2ef31acc160f) Importer(815301076,1909f56bfc062723c751e8b465ee728b)
Start importing Assets/Resources/arrow.png using Guid(4c236604b76f48d4288d2ef31acc160f) Importer(815301076,1909f56bfc062723c751e8b465ee728b)  -> (artifact id: 'a87497abd55f0a8c08c84d1075d2d038') in 0.040026 seconds
  Import took 0.042252 seconds .

========================================================================
Received Import Request.
  Time since last request: 122.442412 seconds.
  path: Assets/CodeBase/GameTile.cs
  artifactKey: Guid(a487ddb30e3fbae4c9e9ce105dcd40f1) Importer(815301076,1909f56bfc062723c751e8b465ee728b)
Start importing Assets/CodeBase/GameTile.cs using Guid(a487ddb30e3fbae4c9e9ce105dcd40f1) Importer(815301076,1909f56bfc062723c751e8b465ee728b)  -> (artifact id: 'ab5a98fb22b84e07b6dc3ae94e517160') in 0.011428 seconds
  Import took 0.026183 seconds .

========================================================================
Received Prepare
Registering precompiled user dll's ...
Registered in 0.000362 seconds.
Begin MonoManager ReloadAssembly
Native extension for WindowsStandalone target not found
Refreshing native plugins compatible for Editor in 0.19 ms, found 0 plugins.
Preloading 0 native plugins for Editor in 0.00 ms.
Invoked RoslynAnalysisRunner static constructor.
RoslynAnalysisRunner will not be running.
RoslynAnalysisRunner has terminated.
Mono: successfully reloaded assembly
- Completed reload, in  0.662 seconds
Platform modules already initialized, skipping
Refreshing native plugins compatible for Editor in 0.41 ms, found 0 plugins.
Preloading 0 native plugins for Editor in 0.00 ms.
Unloading 1113 Unused Serialized files (Serialized files now loaded: 0)
System memory in use before: 60.6 MB.
System memory in use after: 60.7 MB.

Unloading 5 unused Assets to reduce memory usage. Loaded Objects now: 1570.
Total: 1.804600 ms (FindLiveObjects: 0.214900 ms CreateObjectMapping: 0.058600 ms MarkObjects: 1.483300 ms  DeleteObjects: 0.046700 ms)

========================================================================
Received Prepare
Registering precompiled user dll's ...
Registered in 0.000463 seconds.
Begin MonoManager ReloadAssembly
Native extension for WindowsStandalone target not found
Refreshing native plugins compatible for Editor in 0.24 ms, found 0 plugins.
Preloading 0 native plugins for Editor in 0.00 ms.
Invoked RoslynAnalysisRunner static constructor.
RoslynAnalysisRunner will not be running.
RoslynAnalysisRunner has terminated.
Mono: successfully reloaded assembly
- Completed reload, in  0.704 seconds
Platform modules already initialized, skipping
Refreshing native plugins compatible for Editor in 0.24 ms, found 0 plugins.
Preloading 0 native plugins for Editor in 0.00 ms.
Unloading 1113 Unused Serialized files (Serialized files now loaded: 0)
System memory in use before: 60.6 MB.
System memory in use after: 60.7 MB.

Unloading 5 unused Assets to reduce memory usage. Loaded Objects now: 1573.
Total: 1.642400 ms (FindLiveObjects: 0.117400 ms CreateObjectMapping: 0.031500 ms MarkObjects: 1.452700 ms  DeleteObjects: 0.039600 ms)

========================================================================
Received Import Request.
  Time since last request: 29.036574 seconds.
  path: Assets/CodeBase/GameTile.cs
  artifactKey: Guid(a487ddb30e3fbae4c9e9ce105dcd40f1) Importer(815301076,1909f56bfc062723c751e8b465ee728b)
Start importing Assets/CodeBase/GameTile.cs using Guid(a487ddb30e3fbae4c9e9ce105dcd40f1) Importer(815301076,1909f56bfc062723c751e8b465ee728b)  -> (artifact id: 'cb76ba5f0d3244ad40ab233c39a47394') in 0.003578 seconds
  Import took 0.005177 seconds .

========================================================================
Received Import Request.
  Time since last request: 150.719381 seconds.
  path: Assets/Prefabs
  artifactKey: Guid(686e4c9bd1824ff4eb4fda62126705cb) Importer(815301076,1909f56bfc062723c751e8b465ee728b)
Start importing Assets/Prefabs using Guid(686e4c9bd1824ff4eb4fda62126705cb) Importer(815301076,1909f56bfc062723c751e8b465ee728b)  -> (artifact id: 'd007d79a096a6c57e6feb1c7faa64eb5') in 0.005779 seconds
  Import took 0.007564 seconds .

========================================================================
Received Import Request.
  Time since last request: 0.000873 seconds.
  path: Assets/Prefabs
  artifactKey: Guid(686e4c9bd1824ff4eb4fda62126705cb) Importer(815301076,1909f56bfc062723c751e8b465ee728b)
Start importing Assets/Prefabs using Guid(686e4c9bd1824ff4eb4fda62126705cb) Importer(815301076,1909f56bfc062723c751e8b465ee728b)  -> (artifact id: 'd007d79a096a6c57e6feb1c7faa64eb5') in 0.001886 seconds
  Import took 0.003541 seconds .

========================================================================
Received Import Request.
  Time since last request: 8.918866 seconds.
  path: Assets/Prefabs/GameTile.prefab
  artifactKey: Guid(6b9de91926019f84791ca7feb24c4181) Importer(815301076,1909f56bfc062723c751e8b465ee728b)
Start importing Assets/Prefabs/GameTile.prefab using Guid(6b9de91926019f84791ca7feb24c4181) Importer(815301076,1909f56bfc062723c751e8b465ee728b)  -> (artifact id: 'f4bd3102242d42aa60ac56bbab480de8') in 0.056099 seconds
  Import took 0.057977 seconds .

========================================================================
Received Prepare
Registering precompiled user dll's ...
Registered in 0.000399 seconds.
Begin MonoManager ReloadAssembly
Native extension for WindowsStandalone target not found
Refreshing native plugins compatible for Editor in 0.18 ms, found 0 plugins.
Preloading 0 native plugins for Editor in 0.00 ms.
Invoked RoslynAnalysisRunner static constructor.
RoslynAnalysisRunner will not be running.
RoslynAnalysisRunner has terminated.
Mono: successfully reloaded assembly
- Completed reload, in  0.713 seconds
Platform modules already initialized, skipping
Refreshing native plugins compatible for Editor in 0.19 ms, found 0 plugins.
Preloading 0 native plugins for Editor in 0.00 ms.
Unloading 1113 Unused Serialized files (Serialized files now loaded: 0)
System memory in use before: 60.7 MB.
System memory in use after: 60.8 MB.

Unloading 5 unused Assets to reduce memory usage. Loaded Objects now: 1581.
Total: 1.384900 ms (FindLiveObjects: 0.116800 ms CreateObjectMapping: 0.030200 ms MarkObjects: 1.195600 ms  DeleteObjects: 0.041400 ms)

========================================================================
Received Prepare
Registering precompiled user dll's ...
Registered in 0.000415 seconds.
Begin MonoManager ReloadAssembly
Native extension for WindowsStandalone target not found
Refreshing native plugins compatible for Editor in 0.28 ms, found 0 plugins.
Preloading 0 native plugins for Editor in 0.00 ms.
Invoked RoslynAnalysisRunner static constructor.
RoslynAnalysisRunner will not be running.
RoslynAnalysisRunner has terminated.
Mono: successfully reloaded assembly
- Completed reload, in  0.673 seconds
Platform modules already initialized, skipping
Refreshing native plugins compatible for Editor in 0.31 ms, found 0 plugins.
Preloading 0 native plugins for Editor in 0.00 ms.
Unloading 1113 Unused Serialized files (Serialized files now loaded: 0)
System memory in use before: 60.7 MB.
System memory in use after: 60.8 MB.

Unloading 5 unused Assets to reduce memory usage. Loaded Objects now: 1584.
Total: 1.421000 ms (FindLiveObjects: 0.129900 ms CreateObjectMapping: 0.032400 ms MarkObjects: 1.219400 ms  DeleteObjects: 0.038200 ms)

========================================================================
Received Prepare
Registering precompiled user dll's ...
Registered in 0.000579 seconds.
Begin MonoManager ReloadAssembly
Native extension for WindowsStandalone target not found
Refreshing native plugins compatible for Editor in 0.21 ms, found 0 plugins.
Preloading 0 native plugins for Editor in 0.00 ms.
Invoked RoslynAnalysisRunner static constructor.
RoslynAnalysisRunner will not be running.
RoslynAnalysisRunner has terminated.
Mono: successfully reloaded assembly
- Completed reload, in  0.637 seconds
Platform modules already initialized, skipping
Refreshing native plugins compatible for Editor in 0.18 ms, found 0 plugins.
Preloading 0 native plugins for Editor in 0.00 ms.
Unloading 1113 Unused Serialized files (Serialized files now loaded: 0)
System memory in use before: 60.7 MB.
System memory in use after: 60.8 MB.

Unloading 5 unused Assets to reduce memory usage. Loaded Objects now: 1587.
Total: 1.357100 ms (FindLiveObjects: 0.127500 ms CreateObjectMapping: 0.030300 ms MarkObjects: 1.156700 ms  DeleteObjects: 0.041700 ms)

========================================================================
Received Prepare
Registering precompiled user dll's ...
Registered in 0.000425 seconds.
Begin MonoManager ReloadAssembly
Native extension for WindowsStandalone target not found
Refreshing native plugins compatible for Editor in 0.21 ms, found 0 plugins.
Preloading 0 native plugins for Editor in 0.00 ms.
Invoked RoslynAnalysisRunner static constructor.
RoslynAnalysisRunner will not be running.
RoslynAnalysisRunner has terminated.
Mono: successfully reloaded assembly
- Completed reload, in  0.664 seconds
Platform modules already initialized, skipping
Refreshing native plugins compatible for Editor in 0.18 ms, found 0 plugins.
Preloading 0 native plugins for Editor in 0.00 ms.
Unloading 1113 Unused Serialized files (Serialized files now loaded: 0)
System memory in use before: 60.7 MB.
System memory in use after: 60.8 MB.

Unloading 5 unused Assets to reduce memory usage. Loaded Objects now: 1590.
Total: 1.554600 ms (FindLiveObjects: 0.137600 ms CreateObjectMapping: 0.033200 ms MarkObjects: 1.335000 ms  DeleteObjects: 0.047800 ms)

========================================================================
Received Prepare
Registering precompiled user dll's ...
Registered in 0.000620 seconds.
Begin MonoManager ReloadAssembly
Native extension for WindowsStandalone target not found
Refreshing native plugins compatible for Editor in 0.18 ms, found 0 plugins.
Preloading 0 native plugins for Editor in 0.00 ms.
Invoked RoslynAnalysisRunner static constructor.
RoslynAnalysisRunner will not be running.
RoslynAnalysisRunner has terminated.
Mono: successfully reloaded assembly
- Completed reload, in  0.701 seconds
Platform modules already initialized, skipping
Refreshing native plugins compatible for Editor in 0.18 ms, found 0 plugins.
Preloading 0 native plugins for Editor in 0.00 ms.
Unloading 1113 Unused Serialized files (Serialized files now loaded: 0)
System memory in use before: 60.8 MB.
System memory in use after: 60.8 MB.

Unloading 5 unused Assets to reduce memory usage. Loaded Objects now: 1593.
Total: 1.451500 ms (FindLiveObjects: 0.120400 ms CreateObjectMapping: 0.032700 ms MarkObjects: 1.257000 ms  DeleteObjects: 0.040300 ms)

========================================================================
Received Prepare
Registering precompiled user dll's ...
Registered in 0.000928 seconds.
Begin MonoManager ReloadAssembly
Native extension for WindowsStandalone target not found
Refreshing native plugins compatible for Editor in 0.18 ms, found 0 plugins.
Preloading 0 native plugins for Editor in 0.00 ms.
Invoked RoslynAnalysisRunner static constructor.
RoslynAnalysisRunner will not be running.
RoslynAnalysisRunner has terminated.
Mono: successfully reloaded assembly
- Completed reload, in  0.670 seconds
Platform modules already initialized, skipping
Refreshing native plugins compatible for Editor in 0.18 ms, found 0 plugins.
Preloading 0 native plugins for Editor in 0.00 ms.
Unloading 1113 Unused Serialized files (Serialized files now loaded: 0)
System memory in use before: 60.8 MB.
System memory in use after: 60.8 MB.

Unloading 5 unused Assets to reduce memory usage. Loaded Objects now: 1596.
Total: 2.059500 ms (FindLiveObjects: 0.148000 ms CreateObjectMapping: 0.029000 ms MarkObjects: 1.832200 ms  DeleteObjects: 0.049400 ms)

AssetImportWorkerClient::OnTransportError - code=2 error=End of file
